Copyright 1986-2016 Xilinx, Inc. All Rights Reserved.
------------------------------------------------------------------------------------
| Tool Version : Vivado v.2016.4 (win64) Build 1733598 Wed Dec 14 22:35:39 MST 2016
| Date         : Tue May 09 15:19:01 2017
| Host         : DESKTOP-86PAM23 running 64-bit major release  (build 9200)
| Command      : upgrade_ip
| Device       : xc7a35ticsg324-1L
------------------------------------------------------------------------------------

Upgrade Log for IP 'system_sender80211_lite_0_0'

1. Summary
----------

SUCCESS in the upgrade of system_sender80211_lite_0_0 (xilinx.com:user:sender80211_lite:1.0) from (Rev. 9) to (Rev. 10)






Copyright 1986-2016 Xilinx, Inc. All Rights Reserved.
------------------------------------------------------------------------------------
| Tool Version : Vivado v.2016.4 (win64) Build 1733598 Wed Dec 14 22:35:39 MST 2016
| Date         : Tue May 09 14:57:48 2017
| Host         : DESKTOP-86PAM23 running 64-bit major release  (build 9200)
| Command      : upgrade_ip
| Device       : xc7a35ticsg324-1L
------------------------------------------------------------------------------------

Upgrade Log for IP 'system_sender80211_lite_0_0'

1. Summary
----------

SUCCESS in the upgrade of system_sender80211_lite_0_0 (xilinx.com:user:sender80211_lite:1.0) from (Rev. 8) to (Rev. 9)






Copyright 1986-2016 Xilinx, Inc. All Rights Reserved.
------------------------------------------------------------------------------------
| Tool Version : Vivado v.2016.4 (win64) Build 1733598 Wed Dec 14 22:35:39 MST 2016
| Date         : Tue May 02 20:45:13 2017
| Host         : DESKTOP-D2EE9IH running 64-bit major release  (build 9200)
| Command      : upgrade_ip
| Device       : xc7a35ticsg324-1L
------------------------------------------------------------------------------------

Upgrade Log for IP 'system_sender80211_lite_0_0'

1. Summary
----------

SUCCESS in the upgrade of system_sender80211_lite_0_0 (xilinx.com:user:sender80211_lite:1.0) from (Rev. 7) to (Rev. 8)






Copyright 1986-2016 Xilinx, Inc. All Rights Reserved.
------------------------------------------------------------------------------------
| Tool Version : Vivado v.2016.4 (win64) Build 1733598 Wed Dec 14 22:35:39 MST 2016
| Date         : Tue May 02 20:28:38 2017
| Host         : DESKTOP-D2EE9IH running 64-bit major release  (build 9200)
| Command      : upgrade_ip
| Device       : xc7a35ticsg324-1L
------------------------------------------------------------------------------------

Upgrade Log for IP 'system_sender80211_lite_0_0'

1. Summary
----------

SUCCESS in the upgrade of system_sender80211_lite_0_0 (xilinx.com:user:sender80211_lite:1.0) from (Rev. 6) to (Rev. 7)






Copyright 1986-2016 Xilinx, Inc. All Rights Reserved.
------------------------------------------------------------------------------------
| Tool Version : Vivado v.2016.4 (win64) Build 1733598 Wed Dec 14 22:35:39 MST 2016
| Date         : Mon May 01 19:49:51 2017
| Host         : DESKTOP-D2EE9IH running 64-bit major release  (build 9200)
| Command      : upgrade_ip
| Device       : xc7a35ticsg324-1L
------------------------------------------------------------------------------------

Upgrade Log for IP 'system_sender80211_lite_0_0'

1. Summary
----------

SUCCESS in the upgrade of system_sender80211_lite_0_0 (xilinx.com:user:sender80211_lite:1.0) from (Rev. 5) to (Rev. 6)






Copyright 1986-2016 Xilinx, Inc. All Rights Reserved.
------------------------------------------------------------------------------------
| Tool Version : Vivado v.2016.4 (win64) Build 1733598 Wed Dec 14 22:35:39 MST 2016
| Date         : Mon May 01 19:33:00 2017
| Host         : DESKTOP-D2EE9IH running 64-bit major release  (build 9200)
| Command      : upgrade_ip
| Device       : xc7a35ticsg324-1L
------------------------------------------------------------------------------------

Upgrade Log for IP 'system_sender80211_lite_0_0'

1. Summary
----------

SUCCESS in the upgrade of system_sender80211_lite_0_0 (xilinx.com:user:sender80211_lite:1.0) from (Rev. 4) to (Rev. 5)

